5/22/2004 12:27:04 PM       20515 - Error in File C:\Projects\Consulting\Quality Kitchens\root\Qvoice Order Entry\reports\qkPurchaseOrder.rpt:
Error in formula  <Record_Selection>. 
'{PurchaseOrder.iPOStatus} < 3 AND {PurchaseOrderDetail.iQuantityReceived} < {PurchaseOrderDetail.iQuantity}'
This field name is not known. : cpeaut32
5/22/2004 1:25:45 PM        9 - Subscript out of range : qkorder
5/29/2004 2:17:18 PM        91 - Object variable or With block variable not set : qkorder : 0
5/29/2004 2:19:06 PM        401 - Can't show non-modal form when modal form is displayed : qkorder : 0
5/29/2004 2:26:24 PM        401 - Can't show non-modal form when modal form is displayed : qkorder : 0
5/29/2004 2:28:14 PM        13 - Type mismatch : qkorder : 0
5/29/2004 2:30:04 PM        401 - Can't show non-modal form when modal form is displayed : qkorder : 0
5/29/2004 2:37:16 PM        380 - Invalid property value : qkorder : 0
5/29/2004 2:37:48 PM        380 - Invalid property value : qkorder : 0
5/29/2004 2:40:18 PM        371 - The specified object can't be used as an owner form for Show() : qkorder : 0
6/22/2004 6:10:19 PM        6 - Overflow : qkorder : 0
6/22/2004 6:10:22 PM        6 - Overflow : qkorder : 0
6/22/2004 6:10:23 PM        6 - Overflow : qkorder : 0
6/22/2004 6:10:44 PM        6 - Overflow : qkorder : 0
6/25/2004 12:28:40 AM       20544 - Error in File UNKNOWN.RPT:
Access to report file denied. Another program may be using it. : cpeaut32 : 0
6/25/2004 12:29:29 AM       20544 - Error in File UNKNOWN.RPT:
Access to report file denied. Another program may be using it. : cpeaut32 : 0
6/25/2004 12:29:40 AM       20544 - Error in File UNKNOWN.RPT:
Access to report file denied. Another program may be using it. : cpeaut32 : 0
6/25/2004 12:30:33 AM       20515 - Error in File C:\Projects\Consulting\Quality Kitchens\root\Qvoice Order Entry\reports\qkOrderSlabStatus.rpt:
Error in formula  <Record_Selection>. 
'{vOrderHeader.iOrderID}=16775'
This field name is not known. : cpeaut32 : 0
4/9/2013 9:31:23 PM         -2147217887 - Multiple-step OLE DB operation generated errors. Check each OLE DB status value, if available. No work was done. : Microsoft OLE DB Provider for ODBC Drivers : 0
1/13/2014 2:50:45 PM        20599 - Cannot open SQL server. : cpeaut32 : 0
1/13/2014 2:50:51 PM        20599 - Cannot open SQL server. : cpeaut32 : 0
